android/app/build/intermediates/manifest_merge_blame_file/debug/manifest-merger-blame-debug-report.txt
1<?xml version="1.0" encoding="utf-8"?>
2<manifest xmlns:android="http://schemas.android.com/apk/res/android"
3    package="com.firebaseproject"
4    android:versionCode="1"
5    android:versionName="1.0" >
6
7    <uses-sdk
8        android:minSdkVersion="16"
9        android:targetSdkVersion="29" />
10
11    <uses-permission android:name="android.permission.SYSTEM_ALERT_WINDOW" />
11-->src/debug/AndroidManifest.xml:5:5-77
11-->src/debug/AndroidManifest.xml:5:22-75
12    <uses-permission android:name="android.permission.INTERNET" />
12-->src/main/AndroidManifest.xml:4:5-67
12-->src/main/AndroidManifest.xml:4:22-64
13    <uses-permission android:name="android.permission.WAKE_LOCK" />
13-->src/main/AndroidManifest.xml:5:5-68
13-->src/main/AndroidManifest.xml:5:22-65
14
15    <permission
15-->src/main/AndroidManifest.xml:6:5-8:47
16        android:name="com.firebaseproject.permission.C2D_MESSAGE"
16-->src/main/AndroidManifest.xml:7:9-66
17        android:protectionLevel="signature" />
17-->src/main/AndroidManifest.xml:8:9-44
18
19    <uses-permission android:name="com.firebaseproject.permission.C2D_MESSAGE" />
19-->src/main/AndroidManifest.xml:9:5-82
19-->src/main/AndroidManifest.xml:9:22-79
20    <uses-permission android:name="android.permission.VIBRATE" />
20-->src/main/AndroidManifest.xml:10:5-66
20-->src/main/AndroidManifest.xml:10:22-63
21    <uses-permission android:name="android.permission.RECEIVE_BOOT_COMPLETED" />
21-->src/main/AndroidManifest.xml:11:5-80
21-->src/main/AndroidManifest.xml:11:22-78
22    <uses-permission android:name="android.permission.ACCESS_WIFI_STATE" />
22-->[com.facebook.flipper:flipper:0.54.0] AndroidManifest.xml:16:5-76
22-->[com.facebook.flipper:flipper:0.54.0] AndroidManifest.xml:16:22-73
23    <uses-permission android:name="android.permission.ACCESS_NETWORK_STATE" /> <!-- Required by older versions of Google Play services to create GCM registration tokens -->
23-->[:react-native-firebase_analytics] AndroidManifest.xml:11:5-79
23-->[:react-native-firebase_analytics] AndroidManifest.xml:11:22-76
24    <uses-permission android:name="com.google.android.c2dm.permission.RECEIVE" /> <!-- for android -->
24-->[com.google.android.gms:play-services-gcm:17.0.0] AndroidManifest.xml:23:5-82
24-->[com.google.android.gms:play-services-gcm:17.0.0] AndroidManifest.xml:23:22-79
25    <!-- <uses-permission android:name="com.android.launcher.permission.READ_SETTINGS"/> -->
26    <!-- <uses-permission android:name="com.android.launcher.permission.WRITE_SETTINGS"/> -->
27    <!-- <uses-permission android:name="com.android.launcher.permission.INSTALL_SHORTCUT" /> -->
28    <!-- <uses-permission android:name="com.android.launcher.permission.UNINSTALL_SHORTCUT" /> -->
29    <!-- for Samsung -->
30    <uses-permission android:name="com.sec.android.provider.badge.permission.READ" />
30-->[me.leolin:ShortcutBadger:1.1.22] AndroidManifest.xml:19:5-86
30-->[me.leolin:ShortcutBadger:1.1.22] AndroidManifest.xml:19:22-83
31    <uses-permission android:name="com.sec.android.provider.badge.permission.WRITE" /> <!-- for htc -->
31-->[me.leolin:ShortcutBadger:1.1.22] AndroidManifest.xml:20:5-87
31-->[me.leolin:ShortcutBadger:1.1.22] AndroidManifest.xml:20:22-84
32    <uses-permission android:name="com.htc.launcher.permission.READ_SETTINGS" />
32-->[me.leolin:ShortcutBadger:1.1.22] AndroidManifest.xml:23:5-81
32-->[me.leolin:ShortcutBadger:1.1.22] AndroidManifest.xml:23:22-78
33    <uses-permission android:name="com.htc.launcher.permission.UPDATE_SHORTCUT" /> <!-- for sony -->
33-->[me.leolin:ShortcutBadger:1.1.22] AndroidManifest.xml:24:5-83
33-->[me.leolin:ShortcutBadger:1.1.22] AndroidManifest.xml:24:22-80
34    <uses-permission android:name="com.sonyericsson.home.permission.BROADCAST_BADGE" />
34-->[me.leolin:ShortcutBadger:1.1.22] AndroidManifest.xml:27:5-88
34-->[me.leolin:ShortcutBadger:1.1.22] AndroidManifest.xml:27:22-85
35    <uses-permission android:name="com.sonymobile.home.permission.PROVIDER_INSERT_BADGE" /> <!-- for apex -->
35-->[me.leolin:ShortcutBadger:1.1.22] AndroidManifest.xml:28:5-92
35-->[me.leolin:ShortcutBadger:1.1.22] AndroidManifest.xml:28:22-89
36    <uses-permission android:name="com.anddoes.launcher.permission.UPDATE_COUNT" /> <!-- for solid -->
36-->[me.leolin:ShortcutBadger:1.1.22] AndroidManifest.xml:31:5-84
36-->[me.leolin:ShortcutBadger:1.1.22] AndroidManifest.xml:31:22-81
37    <uses-permission android:name="com.majeur.launcher.permission.UPDATE_BADGE" /> <!-- for huawei -->
37-->[me.leolin:ShortcutBadger:1.1.22] AndroidManifest.xml:34:5-83
37-->[me.leolin:ShortcutBadger:1.1.22] AndroidManifest.xml:34:22-80
38    <uses-permission android:name="com.huawei.android.launcher.permission.CHANGE_BADGE" />
38-->[me.leolin:ShortcutBadger:1.1.22] AndroidManifest.xml:37:5-91
38-->[me.leolin:ShortcutBadger:1.1.22] AndroidManifest.xml:37:22-88
39    <uses-permission android:name="com.huawei.android.launcher.permission.READ_SETTINGS" />
39-->[me.leolin:ShortcutBadger:1.1.22] AndroidManifest.xml:38:5-92
39-->[me.leolin:ShortcutBadger:1.1.22] AndroidManifest.xml:38:22-89
40    <uses-permission android:name="com.huawei.android.launcher.permission.WRITE_SETTINGS" /> <!-- for ZUK -->
40-->[me.leolin:ShortcutBadger:1.1.22] AndroidManifest.xml:39:5-93
40-->[me.leolin:ShortcutBadger:1.1.22] AndroidManifest.xml:39:22-90
41    <uses-permission android:name="android.permission.READ_APP_BADGE" /> <!-- for OPPO -->
41-->[me.leolin:ShortcutBadger:1.1.22] AndroidManifest.xml:42:5-73
41-->[me.leolin:ShortcutBadger:1.1.22] AndroidManifest.xml:42:22-70
42    <uses-permission android:name="com.oppo.launcher.permission.READ_SETTINGS" />
42-->[me.leolin:ShortcutBadger:1.1.22] AndroidManifest.xml:45:5-82
42-->[me.leolin:ShortcutBadger:1.1.22] AndroidManifest.xml:45:22-79
43    <uses-permission android:name="com.oppo.launcher.permission.WRITE_SETTINGS" /> <!-- for EvMe -->
43-->[me.leolin:ShortcutBadger:1.1.22] AndroidManifest.xml:46:5-83
43-->[me.leolin:ShortcutBadger:1.1.22] AndroidManifest.xml:46:22-80
44    <uses-permission android:name="me.everything.badger.permission.BADGE_COUNT_READ" />
44-->[me.leolin:ShortcutBadger:1.1.22] AndroidManifest.xml:49:5-88
44-->[me.leolin:ShortcutBadger:1.1.22] AndroidManifest.xml:49:22-85
45    <uses-permission android:name="me.everything.badger.permission.BADGE_COUNT_WRITE" />
45-->[me.leolin:ShortcutBadger:1.1.22] AndroidManifest.xml:50:5-89
45-->[me.leolin:ShortcutBadger:1.1.22] AndroidManifest.xml:50:22-86
46    <uses-permission android:name="com.google.android.finsky.permission.BIND_GET_INSTALL_REFERRER_SERVICE" />
46-->[com.google.android.gms:play-services-measurement:18.0.1] AndroidManifest.xml:26:5-110
46-->[com.google.android.gms:play-services-measurement:18.0.1] AndroidManifest.xml:26:22-107
47
48    <application
48-->src/main/AndroidManifest.xml:14:5-61:19
49        android:name="com.firebaseproject.MainApplication"
49-->src/main/AndroidManifest.xml:15:7-38
50        android:allowBackup="false"
50-->src/main/AndroidManifest.xml:19:7-34
51        android:appComponentFactory="androidx.core.app.CoreComponentFactory"
51-->[androidx.core:core:1.1.0] AndroidManifest.xml:24:18-86
52        android:debuggable="true"
53        android:icon="@mipmap/ic_launcher"
53-->src/main/AndroidManifest.xml:17:7-41
54        android:label="@string/app_name"
54-->src/main/AndroidManifest.xml:16:7-39
55        android:roundIcon="@mipmap/ic_launcher_round"
55-->src/main/AndroidManifest.xml:18:7-52
56        android:theme="@style/AppTheme"
56-->src/main/AndroidManifest.xml:20:7-38
57        android:usesCleartextTraffic="true" >
57-->src/debug/AndroidManifest.xml:7:18-53
58        <meta-data
58-->src/main/AndroidManifest.xml:22:9-23:54
59            android:name="com.google.firebase.messaging.default_notification_icon"
59-->src/main/AndroidManifest.xml:22:20-90
60            android:resource="@mipmap/ic_launcher" />
60-->src/main/AndroidManifest.xml:23:13-51
61        <meta-data
61-->src/main/AndroidManifest.xml:24:9-25:35
62            android:name="com.dieam.reactnativepushnotification.notification_foreground"
62-->src/main/AndroidManifest.xml:24:21-97
63            android:value="true" />
63-->src/main/AndroidManifest.xml:25:13-33
64
65        <activity
65-->src/main/AndroidManifest.xml:27:7-37:18
66            android:name="com.firebaseproject.MainActivity"
66-->src/main/AndroidManifest.xml:28:9-37
67            android:configChanges="keyboard|keyboardHidden|orientation|screenSize|uiMode"
67-->src/main/AndroidManifest.xml:30:9-86
68            android:label="@string/app_name"
68-->src/main/AndroidManifest.xml:29:9-41
69            android:launchMode="singleTask"
69-->src/main/AndroidManifest.xml:31:9-40
70            android:windowSoftInputMode="adjustResize" >
70-->src/main/AndroidManifest.xml:32:9-51
71            <intent-filter>
71-->src/main/AndroidManifest.xml:33:9-36:25
72                <action android:name="android.intent.action.MAIN" />
72-->src/main/AndroidManifest.xml:34:13-65
72-->src/main/AndroidManifest.xml:34:21-62
73
74                <category android:name="android.intent.category.LAUNCHER" />
74-->src/main/AndroidManifest.xml:35:13-73
74-->src/main/AndroidManifest.xml:35:23-70
75            </intent-filter>
76        </activity>
77        <activity android:name="com.facebook.react.devsupport.DevSettingsActivity" />
77-->src/main/AndroidManifest.xml:38:7-84
77-->src/main/AndroidManifest.xml:38:17-81
78
79        <receiver android:name="com.dieam.reactnativepushnotification.modules.RNPushNotificationActions" />
79-->src/main/AndroidManifest.xml:41:9-108
79-->src/main/AndroidManifest.xml:41:19-105
80        <receiver android:name="com.dieam.reactnativepushnotification.modules.RNPushNotificationPublisher" />
80-->src/main/AndroidManifest.xml:42:9-110
80-->src/main/AndroidManifest.xml:42:19-107
81        <receiver android:name="com.dieam.reactnativepushnotification.modules.RNPushNotificationBootEventReceiver" >
81-->src/main/AndroidManifest.xml:43:9-49:20
81-->src/main/AndroidManifest.xml:43:19-115
82            <intent-filter>
82-->src/main/AndroidManifest.xml:44:13-48:29
83                <action android:name="android.intent.action.BOOT_COMPLETED" />
83-->src/main/AndroidManifest.xml:45:17-79
83-->src/main/AndroidManifest.xml:45:25-76
84                <action android:name="android.intent.action.QUICKBOOT_POWERON" />
84-->src/main/AndroidManifest.xml:46:17-82
84-->src/main/AndroidManifest.xml:46:25-79
85                <action android:name="com.htc.intent.action.QUICKBOOT_POWERON" />
85-->src/main/AndroidManifest.xml:47:17-81
85-->src/main/AndroidManifest.xml:47:25-79
86            </intent-filter>
87        </receiver>
88
89        <service android:name="io.invertase.firebase.messaging.ReactNativeFirebaseMessagingHeadlessService" />
89-->src/main/AndroidManifest.xml:51:9-111
89-->src/main/AndroidManifest.xml:51:18-108
90        <service
90-->src/main/AndroidManifest.xml:53:9-59:19
91            android:name="com.dieam.reactnativepushnotification.modules.RNPushNotificationListenerService"
91-->src/main/AndroidManifest.xml:54:13-107
92            android:exported="false" >
92-->src/main/AndroidManifest.xml:55:13-37
93            <intent-filter>
93-->src/main/AndroidManifest.xml:56:13-58:29
94                <action android:name="com.google.firebase.MESSAGING_EVENT" />
94-->src/main/AndroidManifest.xml:57:17-78
94-->src/main/AndroidManifest.xml:57:25-75
95            </intent-filter>
96        </service>
97
98        <meta-data
98-->[:react-native-firebase_analytics] AndroidManifest.xml:16:9-18:36
99            android:name="firebase_analytics_collection_enabled"
99-->[:react-native-firebase_analytics] AndroidManifest.xml:17:13-65
100            android:value="true" /> <!-- Disable crashlytics by default so we can custom init with CrashlyticsNdk support -->
100-->[:react-native-firebase_analytics] AndroidManifest.xml:18:13-33
101        <meta-data
101-->[:react-native-firebase_crashlytics] AndroidManifest.xml:14:9-16:37
102            android:name="firebase_crashlytics_collection_enabled"
102-->[:react-native-firebase_crashlytics] AndroidManifest.xml:15:13-67
103            android:value="false" />
103-->[:react-native-firebase_crashlytics] AndroidManifest.xml:16:13-34
104
105        <provider
105-->[:react-native-firebase_crashlytics] AndroidManifest.xml:18:9-22:38
106            android:name="io.invertase.firebase.crashlytics.ReactNativeFirebaseCrashlyticsInitProvider"
106-->[:react-native-firebase_crashlytics] AndroidManifest.xml:19:13-104
107            android:authorities="com.firebaseproject.reactnativefirebasecrashlyticsinitprovider"
107-->[:react-native-firebase_crashlytics] AndroidManifest.xml:20:13-94
108            android:exported="false"
108-->[:react-native-firebase_crashlytics] AndroidManifest.xml:21:13-37
109            android:initOrder="98" />
109-->[:react-native-firebase_crashlytics] AndroidManifest.xml:22:13-35
110
111        <service
111-->[:react-native-firebase_messaging] AndroidManifest.xml:17:9-23:19
112            android:name="io.invertase.firebase.messaging.ReactNativeFirebaseMessagingService"
112-->[:react-native-firebase_messaging] AndroidManifest.xml:18:13-95
113            android:exported="false" >
113-->[:react-native-firebase_messaging] AndroidManifest.xml:19:13-37
114            <intent-filter>
114-->src/main/AndroidManifest.xml:56:13-58:29
115                <action android:name="com.google.firebase.MESSAGING_EVENT" />
115-->src/main/AndroidManifest.xml:57:17-78
115-->src/main/AndroidManifest.xml:57:25-75
116            </intent-filter>
117        </service>
118
119        <receiver
119-->[:react-native-firebase_messaging] AndroidManifest.xml:25:9-32:20
120            android:name="io.invertase.firebase.messaging.ReactNativeFirebaseMessagingReceiver"
120-->[:react-native-firebase_messaging] AndroidManifest.xml:26:13-96
121            android:exported="true"
121-->[:react-native-firebase_messaging] AndroidManifest.xml:27:13-36
122            android:permission="com.google.android.c2dm.permission.SEND" >
122-->[:react-native-firebase_messaging] AndroidManifest.xml:28:13-73
123            <intent-filter>
123-->[:react-native-firebase_messaging] AndroidManifest.xml:29:13-31:29
124                <action android:name="com.google.android.c2dm.intent.RECEIVE" />
124-->[:react-native-firebase_messaging] AndroidManifest.xml:30:17-81
124-->[:react-native-firebase_messaging] AndroidManifest.xml:30:25-78
125            </intent-filter>
126        </receiver>
127
128        <meta-data
128-->[:react-native-firebase_messaging] AndroidManifest.xml:34:9-36:36
129            android:name="firebase_messaging_auto_init_enabled"
129-->[:react-native-firebase_messaging] AndroidManifest.xml:35:13-64
130            android:value="true" />
130-->[:react-native-firebase_messaging] AndroidManifest.xml:36:13-33
131        <meta-data
131-->[:react-native-firebase_messaging] AndroidManifest.xml:37:9-39:32
132            android:name="com.google.firebase.messaging.default_notification_channel_id"
132-->[:react-native-firebase_messaging] AndroidManifest.xml:38:13-89
133            android:value="" />
133-->[:react-native-firebase_messaging] AndroidManifest.xml:39:13-29
134        <meta-data
134-->[:react-native-firebase_messaging] AndroidManifest.xml:40:9-42:47
135            android:name="com.google.firebase.messaging.default_notification_color"
135-->[:react-native-firebase_messaging] AndroidManifest.xml:41:13-84
136            android:resource="@color/white" />
136-->[:react-native-firebase_messaging] AndroidManifest.xml:42:13-44
137
138        <activity
138-->[com.google.android.gms:play-services-auth:19.0.0] AndroidManifest.xml:23:9-27:75
139            android:name="com.google.android.gms.auth.api.signin.internal.SignInHubActivity"
139-->[com.google.android.gms:play-services-auth:19.0.0] AndroidManifest.xml:24:13-93
140            android:excludeFromRecents="true"
140-->[com.google.android.gms:play-services-auth:19.0.0] AndroidManifest.xml:25:13-46
141            android:exported="false"
141-->[com.google.android.gms:play-services-auth:19.0.0] AndroidManifest.xml:26:13-37
142            android:theme="@android:style/Theme.Translucent.NoTitleBar" />
142-->[com.google.android.gms:play-services-auth:19.0.0] AndroidManifest.xml:27:13-72
143        <!--
144            Service handling Google Sign-In user revocation. For apps that do not integrate with
145            Google Sign-In, this service will never be started.
146        -->
147        <service
147-->[com.google.android.gms:play-services-auth:19.0.0] AndroidManifest.xml:33:9-37:51
148            android:name="com.google.android.gms.auth.api.signin.RevocationBoundService"
148-->[com.google.android.gms:play-services-auth:19.0.0] AndroidManifest.xml:34:13-89
149            android:exported="true"
149-->[com.google.android.gms:play-services-auth:19.0.0] AndroidManifest.xml:35:13-36
150            android:permission="com.google.android.gms.auth.api.signin.permission.REVOCATION_NOTIFICATION"
150-->[com.google.android.gms:play-services-auth:19.0.0] AndroidManifest.xml:36:13-107
151            android:visibleToInstantApps="true" />
151-->[com.google.android.gms:play-services-auth:19.0.0] AndroidManifest.xml:37:13-48
152        <!--
153             FirebaseMessagingService performs security checks at runtime,
154             but set to not exported to explicitly avoid allowing another app to call it.
155        -->
156        <service
156-->[com.google.firebase:firebase-messaging:21.0.1] AndroidManifest.xml:28:9-35:19
157            android:name="com.google.firebase.messaging.FirebaseMessagingService"
157-->[com.google.firebase:firebase-messaging:21.0.1] AndroidManifest.xml:29:13-82
158            android:directBootAware="true"
158-->[com.google.firebase:firebase-messaging:21.0.1] AndroidManifest.xml:30:13-43
159            android:exported="false" >
159-->[com.google.firebase:firebase-messaging:21.0.1] AndroidManifest.xml:31:13-37
160            <intent-filter android:priority="-500" >
160-->src/main/AndroidManifest.xml:56:13-58:29
161                <action android:name="com.google.firebase.MESSAGING_EVENT" />
161-->src/main/AndroidManifest.xml:57:17-78
161-->src/main/AndroidManifest.xml:57:25-75
162            </intent-filter>
163        </service>
164        <service
164-->[com.google.firebase:firebase-messaging:21.0.1] AndroidManifest.xml:36:9-42:19
165            android:name="com.google.firebase.components.ComponentDiscoveryService"
165-->[com.google.firebase:firebase-messaging:21.0.1] AndroidManifest.xml:37:13-84
166            android:directBootAware="true"
166-->[com.google.firebase:firebase-common:19.5.0] AndroidManifest.xml:35:13-43
167            android:exported="false" >
167-->[com.google.firebase:firebase-messaging:21.0.1] AndroidManifest.xml:38:13-37
168            <meta-data
168-->[com.google.firebase:firebase-messaging:21.0.1] AndroidManifest.xml:39:13-41:85
169                android:name="com.google.firebase.components:com.google.firebase.messaging.FirebaseMessagingRegistrar"
169-->[com.google.firebase:firebase-messaging:21.0.1] AndroidManifest.xml:40:17-119
170                android:value="com.google.firebase.components.ComponentRegistrar" />
170-->[com.google.firebase:firebase-messaging:21.0.1] AndroidManifest.xml:41:17-82
171            <meta-data
171-->[com.google.firebase:firebase-iid:21.0.1] AndroidManifest.xml:32:13-34:85
172                android:name="com.google.firebase.components:com.google.firebase.iid.Registrar"
172-->[com.google.firebase:firebase-iid:21.0.1] AndroidManifest.xml:33:17-96
173                android:value="com.google.firebase.components.ComponentRegistrar" />
173-->[com.google.firebase:firebase-iid:21.0.1] AndroidManifest.xml:34:17-82
174            <meta-data
174-->[com.google.firebase:firebase-crashlytics-ndk:17.3.0] AndroidManifest.xml:35:13-37:85
175                android:name="com.google.firebase.components:com.google.firebase.crashlytics.ndk.CrashlyticsNdkRegistrar"
175-->[com.google.firebase:firebase-crashlytics-ndk:17.3.0] AndroidManifest.xml:36:17-122
176                android:value="com.google.firebase.components.ComponentRegistrar" />
176-->[com.google.firebase:firebase-crashlytics-ndk:17.3.0] AndroidManifest.xml:37:17-82
177            <meta-data
177-->[com.google.firebase:firebase-crashlytics:17.3.0] AndroidManifest.xml:18:13-20:85
178                android:name="com.google.firebase.components:com.google.firebase.crashlytics.CrashlyticsRegistrar"
178-->[com.google.firebase:firebase-crashlytics:17.3.0] AndroidManifest.xml:19:17-115
179                android:value="com.google.firebase.components.ComponentRegistrar" />
179-->[com.google.firebase:firebase-crashlytics:17.3.0] AndroidManifest.xml:20:17-82
180            <meta-data
180-->[com.google.firebase:firebase-datatransport:17.0.10] AndroidManifest.xml:28:13-30:85
181                android:name="com.google.firebase.components:com.google.firebase.datatransport.TransportRegistrar"
181-->[com.google.firebase:firebase-datatransport:17.0.10] AndroidManifest.xml:29:17-115
182                android:value="com.google.firebase.components.ComponentRegistrar" />
182-->[com.google.firebase:firebase-datatransport:17.0.10] AndroidManifest.xml:30:17-82
183            <meta-data
183-->[com.google.android.gms:play-services-measurement-api:18.0.1] AndroidManifest.xml:30:13-32:85
184                android:name="com.google.firebase.components:com.google.firebase.analytics.connector.internal.AnalyticsConnectorRegistrar"
184-->[com.google.android.gms:play-services-measurement-api:18.0.1] AndroidManifest.xml:31:17-139
185                android:value="com.google.firebase.components.ComponentRegistrar" />
185-->[com.google.android.gms:play-services-measurement-api:18.0.1] AndroidManifest.xml:32:17-82
186            <meta-data
186-->[com.google.firebase:firebase-installations:16.3.5] AndroidManifest.xml:18:13-20:85
187                android:name="com.google.firebase.components:com.google.firebase.installations.FirebaseInstallationsRegistrar"
187-->[com.google.firebase:firebase-installations:16.3.5] AndroidManifest.xml:19:17-127
188                android:value="com.google.firebase.components.ComponentRegistrar" />
188-->[com.google.firebase:firebase-installations:16.3.5] AndroidManifest.xml:20:17-82
189            <!--
190                This registrar is not defined in the dynamic-module-support sdk itself to allow non-firebase
191                clients to use it as well, by defining this registrar in their own core/common library.
192            -->
193            <meta-data
193-->[com.google.firebase:firebase-common:19.5.0] AndroidManifest.xml:43:13-45:85
194                android:name="com.google.firebase.components:com.google.firebase.dynamicloading.DynamicLoadingRegistrar"
194-->[com.google.firebase:firebase-common:19.5.0] AndroidManifest.xml:44:17-121
195                android:value="com.google.firebase.components.ComponentRegistrar" />
195-->[com.google.firebase:firebase-common:19.5.0] AndroidManifest.xml:45:17-82
196        </service>
197
198        <receiver
198-->[com.google.firebase:firebase-iid:21.0.1] AndroidManifest.xml:37:9-44:20
199            android:name="com.google.firebase.iid.FirebaseInstanceIdReceiver"
199-->[com.google.firebase:firebase-iid:21.0.1] AndroidManifest.xml:38:13-78
200            android:exported="true"
200-->[com.google.firebase:firebase-iid:21.0.1] AndroidManifest.xml:39:13-36
201            android:permission="com.google.android.c2dm.permission.SEND" >
201-->[com.google.firebase:firebase-iid:21.0.1] AndroidManifest.xml:40:13-73
202            <intent-filter>
202-->[:react-native-firebase_messaging] AndroidManifest.xml:29:13-31:29
203                <action android:name="com.google.android.c2dm.intent.RECEIVE" />
203-->[:react-native-firebase_messaging] AndroidManifest.xml:30:17-81
203-->[:react-native-firebase_messaging] AndroidManifest.xml:30:25-78
204            </intent-filter>
205        </receiver>
206
207        <activity
207-->[com.google.android.gms:play-services-base:17.1.0] AndroidManifest.xml:23:9-26:75
208            android:name="com.google.android.gms.common.api.GoogleApiActivity"
208-->[com.google.android.gms:play-services-base:17.1.0] AndroidManifest.xml:24:13-79
209            android:exported="false"
209-->[com.google.android.gms:play-services-base:17.1.0] AndroidManifest.xml:25:13-37
210            android:theme="@android:style/Theme.Translucent.NoTitleBar" />
210-->[com.google.android.gms:play-services-base:17.1.0] AndroidManifest.xml:26:13-72
211
212        <service
212-->[com.google.android.datatransport:transport-backend-cct:2.3.3] AndroidManifest.xml:29:9-35:19
213            android:name="com.google.android.datatransport.runtime.backends.TransportBackendDiscovery"
213-->[com.google.android.datatransport:transport-backend-cct:2.3.3] AndroidManifest.xml:30:13-103
214            android:exported="false" >
214-->[com.google.android.datatransport:transport-backend-cct:2.3.3] AndroidManifest.xml:31:13-37
215            <meta-data
215-->[com.google.android.datatransport:transport-backend-cct:2.3.3] AndroidManifest.xml:32:13-34:39
216                android:name="backend:com.google.android.datatransport.cct.CctBackendFactory"
216-->[com.google.android.datatransport:transport-backend-cct:2.3.3] AndroidManifest.xml:33:17-94
217                android:value="cct" />
217-->[com.google.android.datatransport:transport-backend-cct:2.3.3] AndroidManifest.xml:34:17-36
218        </service>
219        <service
219-->[com.google.android.datatransport:transport-runtime:2.2.5] AndroidManifest.xml:26:9-30:19
220            android:name="com.google.android.datatransport.runtime.scheduling.jobscheduling.JobInfoSchedulerService"
220-->[com.google.android.datatransport:transport-runtime:2.2.5] AndroidManifest.xml:27:13-117
221            android:exported="false"
221-->[com.google.android.datatransport:transport-runtime:2.2.5] AndroidManifest.xml:28:13-37
222            android:permission="android.permission.BIND_JOB_SERVICE" >
222-->[com.google.android.datatransport:transport-runtime:2.2.5] AndroidManifest.xml:29:13-69
223        </service>
224
225        <receiver
225-->[com.google.android.datatransport:transport-runtime:2.2.5] AndroidManifest.xml:32:9-34:40
226            android:name="com.google.android.datatransport.runtime.scheduling.jobscheduling.AlarmManagerSchedulerBroadcastReceiver"
226-->[com.google.android.datatransport:transport-runtime:2.2.5] AndroidManifest.xml:33:13-132
227            android:exported="false" />
227-->[com.google.android.datatransport:transport-runtime:2.2.5] AndroidManifest.xml:34:13-37
228        <receiver
228-->[com.google.android.gms:play-services-measurement:18.0.1] AndroidManifest.xml:29:9-33:20
229            android:name="com.google.android.gms.measurement.AppMeasurementReceiver"
229-->[com.google.android.gms:play-services-measurement:18.0.1] AndroidManifest.xml:30:13-85
230            android:enabled="true"
230-->[com.google.android.gms:play-services-measurement:18.0.1] AndroidManifest.xml:31:13-35
231            android:exported="false" >
231-->[com.google.android.gms:play-services-measurement:18.0.1] AndroidManifest.xml:32:13-37
232        </receiver>
233
234        <service
234-->[com.google.android.gms:play-services-measurement:18.0.1] AndroidManifest.xml:35:9-38:40
235            android:name="com.google.android.gms.measurement.AppMeasurementService"
235-->[com.google.android.gms:play-services-measurement:18.0.1] AndroidManifest.xml:36:13-84
236            android:enabled="true"
236-->[com.google.android.gms:play-services-measurement:18.0.1] AndroidManifest.xml:37:13-35
237            android:exported="false" />
237-->[com.google.android.gms:play-services-measurement:18.0.1] AndroidManifest.xml:38:13-37
238        <service
238-->[com.google.android.gms:play-services-measurement:18.0.1] AndroidManifest.xml:39:9-43:72
239            android:name="com.google.android.gms.measurement.AppMeasurementJobService"
239-->[com.google.android.gms:play-services-measurement:18.0.1] AndroidManifest.xml:40:13-87
240            android:enabled="true"
240-->[com.google.android.gms:play-services-measurement:18.0.1] AndroidManifest.xml:41:13-35
241            android:exported="false"
241-->[com.google.android.gms:play-services-measurement:18.0.1] AndroidManifest.xml:42:13-37
242            android:permission="android.permission.BIND_JOB_SERVICE" />
242-->[com.google.android.gms:play-services-measurement:18.0.1] AndroidManifest.xml:43:13-69
243
244        <provider
244-->[com.google.firebase:firebase-common:19.5.0] AndroidManifest.xml:26:9-31:39
245            android:name="com.google.firebase.provider.FirebaseInitProvider"
245-->[com.google.firebase:firebase-common:19.5.0] AndroidManifest.xml:27:13-77
246            android:authorities="com.firebaseproject.firebaseinitprovider"
246-->[com.google.firebase:firebase-common:19.5.0] AndroidManifest.xml:28:13-72
247            android:directBootAware="true"
247-->[com.google.firebase:firebase-common:19.5.0] AndroidManifest.xml:29:13-43
248            android:exported="false"
248-->[com.google.firebase:firebase-common:19.5.0] AndroidManifest.xml:30:13-37
249            android:initOrder="100" />
249-->[com.google.firebase:firebase-common:19.5.0] AndroidManifest.xml:31:13-36
250
251        <meta-data
251-->[com.google.android.gms:play-services-basement:17.1.1] AndroidManifest.xml:23:9-25:69
252            android:name="com.google.android.gms.version"
252-->[com.google.android.gms:play-services-basement:17.1.1] AndroidManifest.xml:24:13-58
253            android:value="@integer/google_play_services_version" />
253-->[com.google.android.gms:play-services-basement:17.1.1] AndroidManifest.xml:25:13-66
254    </application>
255
256</manifest>